[debug] [2026-04-10T09:15:36.164Z] ----------------------------------------------------------------------
[debug] [2026-04-10T09:15:36.170Z] Command:       /usr/local/bin/firebase /home/Eaglex/.cache/firebase/tools/lib/node_modules/firebase-tools/lib/bin/firebase deploy --only hosting,firestore,functions
[debug] [2026-04-10T09:15:36.171Z] CLI Version:   15.13.0
[debug] [2026-04-10T09:15:36.171Z] Platform:      linux
[debug] [2026-04-10T09:15:36.172Z] Node Version:  v20.18.2
[debug] [2026-04-10T09:15:36.172Z] Time:          Fri Apr 10 2026 12:15:36 GMT+0300 (East Africa Time)
[debug] [2026-04-10T09:15:36.173Z] ----------------------------------------------------------------------
[debug] 
[debug] [2026-04-10T09:15:39.094Z] > command requires scopes: ["email","openid","https://www.googleapis.com/auth/cloudplatformprojects.readonly","https://www.googleapis.com/auth/firebase","https://www.googleapis.com/auth/cloud-platform"]
[debug] [2026-04-10T09:15:39.095Z] > authorizing via signed-in user (eaglexceo@gmail.com)
[debug] [2026-04-10T09:15:39.095Z] [iam] checking project norman-casino for permissions ["cloudfunctions.functions.create","cloudfunctions.functions.delete","cloudfunctions.functions.get","cloudfunctions.functions.list","cloudfunctions.functions.update","cloudfunctions.operations.get","datastore.indexes.create","datastore.indexes.delete","datastore.indexes.list","datastore.indexes.update","firebase.projects.get","firebasehosting.sites.update"]
[debug] [2026-04-10T09:15:39.097Z] Checked if tokens are valid: true, expires at: 1775815841914
[debug] [2026-04-10T09:15:39.097Z] Checked if tokens are valid: true, expires at: 1775815841914
[debug] [2026-04-10T09:15:39.099Z] >>> [apiv2][query] POST https://cloudresourcemanager.googleapis.com/v1/projects/norman-casino:testIamPermissions [none]
[debug] [2026-04-10T09:15:39.100Z] >>> [apiv2][(partial)header] POST https://cloudresourcemanager.googleapis.com/v1/projects/norman-casino:testIamPermissions  x-goog-user-project=norman-casino
[debug] [2026-04-10T09:15:39.100Z] >>> [apiv2][body] POST https://cloudresourcemanager.googleapis.com/v1/projects/norman-casino:testIamPermissions {"permissions":["cloudfunctions.functions.create","cloudfunctions.functions.delete","cloudfunctions.functions.get","cloudfunctions.functions.list","cloudfunctions.functions.update","cloudfunctions.operations.get","datastore.indexes.create","datastore.indexes.delete","datastore.indexes.list","datastore.indexes.update","firebase.projects.get","firebasehosting.sites.update"]}
[debug] [2026-04-10T09:16:05.037Z] <<< [apiv2][status] POST https://cloudresourcemanager.googleapis.com/v1/projects/norman-casino:testIamPermissions 200
[debug] [2026-04-10T09:16:05.038Z] <<< [apiv2][body] POST https://cloudresourcemanager.googleapis.com/v1/projects/norman-casino:testIamPermissions {"permissions":["cloudfunctions.functions.create","cloudfunctions.functions.delete","cloudfunctions.functions.get","cloudfunctions.functions.list","cloudfunctions.functions.update","cloudfunctions.operations.get","datastore.indexes.create","datastore.indexes.delete","datastore.indexes.list","datastore.indexes.update","firebase.projects.get","firebasehosting.sites.update"]}
[debug] [2026-04-10T09:16:05.040Z] Checked if tokens are valid: true, expires at: 1775815841914
[debug] [2026-04-10T09:16:05.041Z] Checked if tokens are valid: true, expires at: 1775815841914
[debug] [2026-04-10T09:16:05.042Z] >>> [apiv2][query] POST https://iam.googleapis.com/v1/projects/norman-casino/serviceAccounts/norman-casino@appspot.gserviceaccount.com:testIamPermissions [none]
[debug] [2026-04-10T09:16:05.042Z] >>> [apiv2][body] POST https://iam.googleapis.com/v1/projects/norman-casino/serviceAccounts/norman-casino@appspot.gserviceaccount.com:testIamPermissions {"permissions":["iam.serviceAccounts.actAs"]}
[debug] [2026-04-10T09:16:11.557Z] *** [apiv2] error from fetch(https://iam.googleapis.com/v1/projects/norman-casino/serviceAccounts/norman-casino@appspot.gserviceaccount.com:testIamPermissions, {"headers":{},"method":"POST","body":"{\"permissions\":[\"iam.serviceAccounts.actAs\"]}"}): FetchError: request to https://iam.googleapis.com/v1/projects/norman-casino/serviceAccounts/norman-casino@appspot.gserviceaccount.com:testIamPermissions failed, reason: 
[debug] [2026-04-10T09:16:11.558Z] [functions] service account IAM check errored, deploy may fail: Failed to make request to https://iam.googleapis.com/v1/projects/norman-casino/serviceAccounts/norman-casino@appspot.gserviceaccount.com:testIamPermissions {"name":"FirebaseError","children":[],"exit":1,"message":"Failed to make request to https://iam.googleapis.com/v1/projects/norman-casino/serviceAccounts/norman-casino@appspot.gserviceaccount.com:testIamPermissions","original":{"message":"request to https://iam.googleapis.com/v1/projects/norman-casino/serviceAccounts/norman-casino@appspot.gserviceaccount.com:testIamPermissions failed, reason: ","type":"system","errno":"ETIMEDOUT","code":"ETIMEDOUT"},"status":500}
[debug] [2026-04-10T09:16:11.561Z] Checked if tokens are valid: true, expires at: 1775815841914
[debug] [2026-04-10T09:16:11.562Z] Checked if tokens are valid: true, expires at: 1775815841914
[debug] [2026-04-10T09:16:11.563Z] >>> [apiv2][query] GET https://firebase.googleapis.com/v1beta1/projects/norman-casino [none]
[debug] [2026-04-10T09:16:16.322Z] *** [apiv2] error from fetch(https://firebase.googleapis.com/v1beta1/projects/norman-casino, {"headers":{},"method":"GET","signal":{"reason":""}}): FetchError: request to https://firebase.googleapis.com/v1beta1/projects/norman-casino failed, reason: 
[debug] [2026-04-10T09:16:16.324Z] Failed to make request to https://firebase.googleapis.com/v1beta1/projects/norman-casino (original: request to https://firebase.googleapis.com/v1beta1/projects/norman-casino failed, reason: )
[error] 
[error] Error: Assertion failed: resolving hosting target of a site with no site name or target name. This should have caused an error earlier
